Command: vcs -full64 -R +v2k -fsdb +define+FSDB -sverilog -f file.f -l run.log

Warning-[DEBUG_DEP] Option will be deprecated
  The option '-fsdb' will be deprecated in a future release.  Please use 
  '-debug_acc+dmptf -debug_region+cell+encrypt' instead.

                         Chronologic VCS (TM)
       Version O-2018.09-SP2_Full64 -- Mon Apr  8 03:52:47 2024
               Copyright (c) 1991-2018 by Synopsys Inc.
                         ALL RIGHTS RESERVED

This program is proprietary and confidential information of Synopsys Inc.
and may be used and disclosed only as authorized in a license agreement
controlling such use and disclosure.

Parsing design file 'fra_sel.v'
Parsing design file 'int_sel.v'
Parsing design file 'selection.v'
Parsing design file 'tb_selection.v'
Top Level Modules:
       tb_selection
No TimeScale specified
Starting vcs inline pass...
1 module and 0 UDP read.
recompiling module tb_selection
make[1]: Entering directory `/home/wilson/code/ex_calculation/tb/sel/csrc'
rm -f _csrc*.so pre_vcsobj_*.so share_vcsobj_*.so
ld -shared  -Bsymbolic  -o .//../simv.daidir//_csrc0.so objs/amcQw_d.o 
rm -f _csrc0.so
if [ -x ../simv ]; then chmod -x ../simv; fi
g++  -o ../simv    -Wl,-rpath-link=./ -Wl,-rpath='$ORIGIN'/simv.daidir/ -Wl,-rpath=./simv.daidir/ \
-Wl,-rpath='$ORIGIN'/simv.daidir//scsim.db.dir  -rdynamic  -Wl,-rpath=/home/synopsys/vcs-mx/O-2018.09-SP2/linux64/lib \
-L/home/synopsys/vcs-mx/O-2018.09-SP2/linux64/lib     _31882_archive_1.so _prev_archive_1.so \
_csrc0.so  SIM_l.o  _csrc0.so     rmapats_mop.o rmapats.o rmar.o rmar_nd.o  rmar_llvm_0_1.o \
rmar_llvm_0_0.o          -lzerosoft_rt_stubs -lvirsim -lerrorinf -lsnpsmalloc -lvfs \
-lvcsnew -lsimprofile -luclinative /home/synopsys/vcs-mx/O-2018.09-SP2/linux64/lib/vcs_tls.o \
-Wl,-whole-archive -lvcsucli -Wl,-no-whole-archive        _vcs_pli_stub_.o   /home/synopsys/vcs-mx/O-2018.09-SP2/linux64/lib/vcs_save_restore_new.o \
/home/synopsys/verdi/Verdi_O-2018.09-SP2/share/PLI/VCS/LINUX64/pli.a -ldl  -lc -lm \
-lpthread -ldl 
../simv up to date
make[1]: Leaving directory `/home/wilson/code/ex_calculation/tb/sel/csrc'
Command: /home/wilson/code/ex_calculation/tb/sel/./simv +v2k +define+FSDB -a run.log
Chronologic VCS simulator copyright 1991-2018
Contains Synopsys proprietary information.
Compiler version O-2018.09-SP2_Full64; Runtime version O-2018.09-SP2_Full64;  Apr  8 03:52 2024
*Verdi* Loading libsscore_vcs201809.so
FSDB Dumper for VCS, Release Verdi_O-2018.09-SP2, Linux x86_64/64bit, 02/21/2019
(C) 1996 - 2019 by Synopsys, Inc.
*Verdi* FSDB WARNING: The FSDB file already exists. Overwriting the FSDB file may crash the programs that are using this file.
*Verdi* : Create FSDB file 'a.fsdb'
*Verdi* : Begin traversing the scopes, layer (0).
*Verdi* : End of traversing.
$finish called from file "tb_selection.v", line 39.
$finish at simulation time                 2000
           V C S   S i m u l a t i o n   R e p o r t 
Time: 2000
CPU Time:      0.130 seconds;       Data structure size:   0.0Mb
Mon Apr  8 03:52:48 2024
CPU time: .123 seconds to compile + .081 seconds to elab + .107 seconds to link + .150 seconds in simulation
